<?xml version="1.0" encoding="UTF-8"?>
<!-- Generated by org.testng.reporters.JUnitReportReporter -->
<testsuite skipped="1" hostname="ATMECSINDT-046" name="com.atmecs.automation.testscripts.VerifyFootersAndContexts" tests="1" failures="0" timestamp="29 Oct 2019 13:08:07 GMT" time="0.000" errors="0">
  <testcase name="verifyFooterContext" time="0.000" classname="com.atmecs.automation.testscripts.VerifyFootersAndContexts">
    <skipped/>
  </testcase> <!-- verifyFooterContext -->
</testsuite> <!-- com.atmecs.automation.testscripts.VerifyFootersAndContexts -->
